This file contains any messages produced by compilers while
running configure, to aid debugging if configure makes a mistake.

It was created by chan_quectel configure 1.1, which was
generated by GNU Autoconf 2.71.  Invocation command line was

  $ ./configure --with-astversion=18.23.1 --with-asterisk=/usr/src/asterisk-18.23.1/include --no-create --no-recursion

## --------- ##
## Platform. ##
## --------- ##

hostname = FreePBX
uname -m = aarch64
uname -r = 6.6.31+rpt-rpi-2712
uname -s = Linux
uname -v = #1 SMP PREEMPT Debian 1:6.6.31-1+rpt1 (2024-05-29)

/usr/bin/uname -p = unknown
/bin/uname -X     = unknown

/bin/arch              = aarch64
/usr/bin/arch -k       = unknown
/usr/convex/getsysinfo = unknown
/usr/bin/hostinfo      = unknown
/bin/machine           = unknown
/usr/bin/oslevel       = unknown
/bin/universe          = unknown

PATH: /usr/local/sbin/
PATH: /usr/local/bin/
PATH: /usr/sbin/
PATH: /usr/bin/
PATH: /sbin/
PATH: /bin/


## ----------- ##
## Core tests. ##
## ----------- ##

configure:2523: looking for aux files: compile missing install-sh config.guess config.sub
configure:2536:  trying ./
configure:2565:   ./compile found
configure:2565:   ./missing found
configure:2547:   ./install-sh found
configure:2565:   ./config.guess found
configure:2565:   ./config.sub found
configure:2684: checking build system type
configure:2699: result: aarch64-unknown-linux-gnu
configure:2719: checking host system type
configure:2733: result: aarch64-unknown-linux-gnu
configure:2753: checking target system type
configure:2767: result: aarch64-unknown-linux-gnu
configure:2810: checking for a BSD-compatible install
configure:2883: result: /usr/bin/install -c
configure:2894: checking whether build environment is sane
configure:2949: result: yes
configure:3108: checking for a race-free mkdir -p
configure:3152: result: /usr/bin/mkdir -p
configure:3159: checking for gawk
configure:3180: found /usr/bin/gawk
configure:3191: result: gawk
configure:3202: checking whether make sets $(MAKE)
configure:3225: result: yes
configure:3255: checking whether make supports nested variables
configure:3273: result: yes
configure:3556: checking for gcc
configure:3577: found /usr/bin/gcc
configure:3588: result: gcc
configure:3619: checking for C compiler version
configure:3628: gcc --version >&5
gcc (Debian 12.2.0-14) 12.2.0
Copyright (C) 2022 Free Software Foundation, Inc.
This is free software; see the source for copying conditions.  There is NO
warranty; not even for MERCHANTABILITY or FITNESS FOR A PARTICULAR PURPOSE.

configure:3639: $? = 0
configure:3628: gcc -v >&5
Using built-in specs.
COLLECT_GCC=gcc
COLLECT_LTO_WRAPPER=/usr/lib/gcc/aarch64-linux-gnu/12/lto-wrapper
Target: aarch64-linux-gnu
Configured with: ../src/configure -v --with-pkgversion='Debian 12.2.0-14' --with-bugurl=file:///usr/share/doc/gcc-12/README.Bugs --enable-languages=c,ada,c++,go,d,fortran,objc,obj-c++,m2 --prefix=/usr --with-gcc-major-version-only --program-suffix=-12 --program-prefix=aarch64-linux-gnu- --enable-shared --enable-linker-build-id --libexecdir=/usr/lib --without-included-gettext --enable-threads=posix --libdir=/usr/lib --enable-nls --enable-clocale=gnu --enable-libstdcxx-debug --enable-libstdcxx-time=yes --with-default-libstdcxx-abi=new --enable-gnu-unique-object --disable-libquadmath --disable-libquadmath-support --enable-plugin --enable-default-pie --with-system-zlib --enable-libphobos-checking=release --with-target-system-zlib=auto --enable-objc-gc=auto --enable-multiarch --enable-fix-cortex-a53-843419 --disable-werror --enable-checking=release --build=aarch64-linux-gnu --host=aarch64-linux-gnu --target=aarch64-linux-gnu
Thread model: posix
Supported LTO compression algorithms: zlib zstd
gcc version 12.2.0 (Debian 12.2.0-14) 
configure:3639: $? = 0
configure:3628: gcc -V >&5
gcc: error: unrecognized command-line option '-V'
gcc: fatal error: no input files
compilation terminated.
configure:3639: $? = 1
configure:3628: gcc -qversion >&5
gcc: error: unrecognized command-line option '-qversion'; did you mean '--version'?
gcc: fatal error: no input files
compilation terminated.
configure:3639: $? = 1
configure:3628: gcc -version >&5
gcc: error: unrecognized command-line option '-version'
gcc: fatal error: no input files
compilation terminated.
configure:3639: $? = 1
configure:3659: checking whether the C compiler works
configure:3681: gcc   -D_GNU_SOURCE  conftest.c  >&5
configure:3685: $? = 0
configure:3735: result: yes
configure:3738: checking for C compiler default output file name
configure:3740: result: a.out
configure:3746: checking for suffix of executables
configure:3753: gcc -o conftest   -D_GNU_SOURCE  conftest.c  >&5
configure:3757: $? = 0
configure:3780: result: 
configure:3802: checking whether we are cross compiling
configure:3810: gcc -o conftest   -D_GNU_SOURCE  conftest.c  >&5
configure:3814: $? = 0
configure:3821: ./conftest
configure:3825: $? = 0
configure:3840: result: no
configure:3845: checking for suffix of object files
configure:3868: gcc -c   -D_GNU_SOURCE conftest.c >&5
configure:3872: $? = 0
configure:3894: result: o
configure:3898: checking whether the compiler supports GNU C
configure:3918: gcc -c   -D_GNU_SOURCE conftest.c >&5
configure:3918: $? = 0
configure:3928: result: yes
configure:3939: checking whether gcc accepts -g
configure:3960: gcc -c -g  -D_GNU_SOURCE conftest.c >&5
configure:3960: $? = 0
configure:4004: result: yes
configure:4024: checking for gcc option to enable C11 features
configure:4039: gcc  -c -g -O2  -D_GNU_SOURCE conftest.c >&5
configure:4039: $? = 0
configure:4057: result: none needed
configure:4173: checking whether gcc understands -c and -o together
configure:4196: gcc -c conftest.c -o conftest2.o
configure:4199: $? = 0
configure:4196: gcc -c conftest.c -o conftest2.o
configure:4199: $? = 0
configure:4211: result: yes
configure:4231: checking whether make supports the include directive
configure:4246: make -f confmf.GNU && cat confinc.out
make[1]: Entering directory '/usr/src/asterisk-chan-quectel-simcom'
make[1]: Leaving directory '/usr/src/asterisk-chan-quectel-simcom'
this is the am__doit target
configure:4249: $? = 0
configure:4268: result: yes (GNU style)
configure:4294: checking dependency style of gcc
configure:4406: result: none
configure:4426: checking how to run the C preprocessor
configure:4452: gcc -E  -D_GNU_SOURCE conftest.c
configure:4452: $? = 0
configure:4467: gcc -E  -D_GNU_SOURCE conftest.c
conftest.c:12:10: fatal error: ac_nonexistent.h: No such file or directory
   12 | #include <ac_nonexistent.h>
      |          ^~~~~~~~~~~~~~~~~~
compilation terminated.
configure:4467: $? = 1
configure: failed program was:
| /* confdefs.h */
| #define PACKAGE_NAME "chan_quectel"
| #define PACKAGE_TARNAME "chan_quectel"
| #define PACKAGE_VERSION "1.1"
| #define PACKAGE_STRING "chan_quectel 1.1"
| #define PACKAGE_BUGREPORT "https://github.com/bg111/asterisk-chan-quectel/issues"
| #define PACKAGE_URL "https://github.com/bg111/asterisk-chan-quectel/"
| #define PACKAGE "chan_quectel"
| #define VERSION "1.1"
| #define ASTERISK_VERSION_NUM 182301
| /* end confdefs.h.  */
| #include <ac_nonexistent.h>
configure:4494: result: gcc -E
configure:4508: gcc -E  -D_GNU_SOURCE conftest.c
configure:4508: $? = 0
configure:4523: gcc -E  -D_GNU_SOURCE conftest.c
conftest.c:12:10: fatal error: ac_nonexistent.h: No such file or directory
   12 | #include <ac_nonexistent.h>
      |          ^~~~~~~~~~~~~~~~~~
compilation terminated.
configure:4523: $? = 1
configure: failed program was:
| /* confdefs.h */
| #define PACKAGE_NAME "chan_quectel"
| #define PACKAGE_TARNAME "chan_quectel"
| #define PACKAGE_VERSION "1.1"
| #define PACKAGE_STRING "chan_quectel 1.1"
| #define PACKAGE_BUGREPORT "https://github.com/bg111/asterisk-chan-quectel/issues"
| #define PACKAGE_URL "https://github.com/bg111/asterisk-chan-quectel/"
| #define PACKAGE "chan_quectel"
| #define VERSION "1.1"
| #define ASTERISK_VERSION_NUM 182301
| /* end confdefs.h.  */
| #include <ac_nonexistent.h>
configure:4557: checking for strip
configure:4578: found /usr/bin/strip
configure:4589: result: strip
configure:4602: checking for rm
configure:4623: found /usr/bin/rm
configure:4634: result: rm
configure:4647: checking for library containing iconv
configure:4677: gcc -o conftest -g -O2  -D_GNU_SOURCE  conftest.c  >&5
configure:4677: $? = 0
configure:4697: result: none required
configure:4708: checking for sqlite3_open in -lsqlite3
configure:4731: gcc -o conftest -g -O2  -D_GNU_SOURCE  conftest.c -lsqlite3   >&5
configure:4731: $? = 0
configure:4741: result: yes
configure:4758: checking for stdio.h
configure:4758: gcc -c -g -O2  -D_GNU_SOURCE conftest.c >&5
configure:4758: $? = 0
configure:4758: result: yes
configure:4758: checking for stdlib.h
configure:4758: gcc -c -g -O2  -D_GNU_SOURCE conftest.c >&5
configure:4758: $? = 0
configure:4758: result: yes
configure:4758: checking for string.h
configure:4758: gcc -c -g -O2  -D_GNU_SOURCE conftest.c >&5
configure:4758: $? = 0
configure:4758: result: yes
configure:4758: checking for inttypes.h
configure:4758: gcc -c -g -O2  -D_GNU_SOURCE conftest.c >&5
configure:4758: $? = 0
configure:4758: result: yes
configure:4758: checking for stdint.h
configure:4758: gcc -c -g -O2  -D_GNU_SOURCE conftest.c >&5
configure:4758: $? = 0
configure:4758: result: yes
configure:4758: checking for strings.h
configure:4758: gcc -c -g -O2  -D_GNU_SOURCE conftest.c >&5
configure:4758: $? = 0
configure:4758: result: yes
configure:4758: checking for sys/stat.h
configure:4758: gcc -c -g -O2  -D_GNU_SOURCE conftest.c >&5
configure:4758: $? = 0
configure:4758: result: yes
configure:4758: checking for sys/types.h
configure:4758: gcc -c -g -O2  -D_GNU_SOURCE conftest.c >&5
configure:4758: $? = 0
configure:4758: result: yes
configure:4758: checking for unistd.h
configure:4758: gcc -c -g -O2  -D_GNU_SOURCE conftest.c >&5
configure:4758: $? = 0
configure:4758: result: yes
configure:4783: checking for fcntl.h
configure:4783: gcc -c -g -O2  -D_GNU_SOURCE conftest.c >&5
configure:4783: $? = 0
configure:4783: result: yes
configure:4789: checking for stdlib.h
configure:4789: result: yes
configure:4795: checking for string.h
configure:4795: result: yes
configure:4801: checking for sys/time.h
configure:4801: gcc -c -g -O2  -D_GNU_SOURCE conftest.c >&5
configure:4801: $? = 0
configure:4801: result: yes
configure:4807: checking for termios.h
configure:4807: gcc -c -g -O2  -D_GNU_SOURCE conftest.c >&5
configure:4807: $? = 0
configure:4807: result: yes
configure:4820: checking whether asterisk.h in /usr/src/asterisk-18.23.1/include
configure:4825: result: yes
configure:4828: checking for asterisk.h
configure:4828: gcc -c -g -O2  -D_GNU_SOURCE -I/usr/src/asterisk-18.23.1/include conftest.c >&5
In file included from /usr/src/asterisk-18.23.1/include/asterisk.h:21,
                 from conftest.c:56:
/usr/src/asterisk-18.23.1/include/asterisk/autoconfig.h:1388: warning: "PACKAGE_BUGREPORT" redefined
 1388 | #define PACKAGE_BUGREPORT "https://github.com/asterisk/asterisk/issues"
      | 
conftest.c:6: note: this is the location of the previous definition
    6 | #define PACKAGE_BUGREPORT "https://github.com/bg111/asterisk-chan-quectel/issues"
      | 
/usr/src/asterisk-18.23.1/include/asterisk/autoconfig.h:1391: warning: "PACKAGE_NAME" redefined
 1391 | #define PACKAGE_NAME "asterisk"
      | 
conftest.c:2: note: this is the location of the previous definition
    2 | #define PACKAGE_NAME "chan_quectel"
      | 
/usr/src/asterisk-18.23.1/include/asterisk/autoconfig.h:1394: warning: "PACKAGE_STRING" redefined
 1394 | #define PACKAGE_STRING "asterisk 18"
      | 
conftest.c:5: note: this is the location of the previous definition
    5 | #define PACKAGE_STRING "chan_quectel 1.1"
      | 
/usr/src/asterisk-18.23.1/include/asterisk/autoconfig.h:1397: warning: "PACKAGE_TARNAME" redefined
 1397 | #define PACKAGE_TARNAME "asterisk"
      | 
conftest.c:3: note: this is the location of the previous definition
    3 | #define PACKAGE_TARNAME "chan_quectel"
      | 
/usr/src/asterisk-18.23.1/include/asterisk/autoconfig.h:1400: warning: "PACKAGE_URL" redefined
 1400 | #define PACKAGE_URL ""
      | 
conftest.c:7: note: this is the location of the previous definition
    7 | #define PACKAGE_URL "https://github.com/bg111/asterisk-chan-quectel/"
      | 
/usr/src/asterisk-18.23.1/include/asterisk/autoconfig.h:1403: warning: "PACKAGE_VERSION" redefined
 1403 | #define PACKAGE_VERSION "18"
      | 
conftest.c:4: note: this is the location of the previous definition
    4 | #define PACKAGE_VERSION "1.1"
      | 
/usr/src/asterisk-18.23.1/include/asterisk.h:235:2: error: #error "Externally compiled modules must declare AST_MODULE_SELF_SYM."
  235 | #error "Externally compiled modules must declare AST_MODULE_SELF_SYM."
      |  ^~~~~
configure:4828: $? = 1
configure: failed program was:
| /* confdefs.h */
| #define PACKAGE_NAME "chan_quectel"
| #define PACKAGE_TARNAME "chan_quectel"
| #define PACKAGE_VERSION "1.1"
| #define PACKAGE_STRING "chan_quectel 1.1"
| #define PACKAGE_BUGREPORT "https://github.com/bg111/asterisk-chan-quectel/issues"
| #define PACKAGE_URL "https://github.com/bg111/asterisk-chan-quectel/"
| #define PACKAGE "chan_quectel"
| #define VERSION "1.1"
| #define ASTERISK_VERSION_NUM 182301
| #define HAVE_LIBSQLITE3 1
| #define HAVE_STDIO_H 1
| #define HAVE_STDLIB_H 1
| #define HAVE_STRING_H 1
| #define HAVE_INTTYPES_H 1
| #define HAVE_STDINT_H 1
| #define HAVE_STRINGS_H 1
| #define HAVE_SYS_STAT_H 1
| #define HAVE_SYS_TYPES_H 1
| #define HAVE_UNISTD_H 1
| #define STDC_HEADERS 1
| #define HAVE_FCNTL_H 1
| #define HAVE_STDLIB_H 1
| #define HAVE_STRING_H 1
| #define HAVE_SYS_TIME_H 1
| #define HAVE_TERMIOS_H 1
| /* end confdefs.h.  */
| #include <stddef.h>
| #ifdef HAVE_STDIO_H
| # include <stdio.h>
| #endif
| #ifdef HAVE_STDLIB_H
| # include <stdlib.h>
| #endif
| #ifdef HAVE_STRING_H
| # include <string.h>
| #endif
| #ifdef HAVE_INTTYPES_H
| # include <inttypes.h>
| #endif
| #ifdef HAVE_STDINT_H
| # include <stdint.h>
| #endif
| #ifdef HAVE_STRINGS_H
| # include <strings.h>
| #endif
| #ifdef HAVE_SYS_TYPES_H
| # include <sys/types.h>
| #endif
| #ifdef HAVE_SYS_STAT_H
| # include <sys/stat.h>
| #endif
| #ifdef HAVE_UNISTD_H
| # include <unistd.h>
| #endif
| #include <asterisk.h>
configure:4828: result: no
configure:4848: checking whether iconv.h in ../include
configure:4864: result: no
configure:4848: checking whether iconv.h in /usr/include
configure:4853: result: yes
configure:4856: checking for iconv.h
configure:4856: gcc -c -g -O2  -D_GNU_SOURCE -I/usr/src/asterisk-18.23.1/include -I/usr/include conftest.c >&5
configure:4856: $? = 0
configure:4856: result: yes
configure:4872: checking for sqlite3.h
configure:4872: gcc -c -g -O2  -D_GNU_SOURCE -I/usr/src/asterisk-18.23.1/include -I/usr/include conftest.c >&5
configure:4872: $? = 0
configure:4872: result: yes
configure:4884: checking for iconv use const inbuf
configure:4887: checking for grep that handles long lines and -e
configure:4951: result: /usr/bin/grep
configure:4956: checking for egrep
configure:5024: result: /usr/bin/grep -E
configure:5044: result: no
configure:5051: checking for iconv_t in iconv.h
configure:5064: result: yes
configure:5080: checking for AST_CONTROL_SRCCHANGE in asterisk/frame.h
In file included from /usr/src/asterisk-18.23.1/include/asterisk/time.h:26,
                 from /usr/src/asterisk-18.23.1/include/asterisk/lock.h:59,
                 from /usr/src/asterisk-18.23.1/include/asterisk/linkedlists.h:23,
                 from /usr/src/asterisk-18.23.1/include/asterisk/frame.h:36,
                 from conftest.c:30:
/usr/src/asterisk-18.23.1/include/asterisk/autoconfig.h:1388: warning: "PACKAGE_BUGREPORT" redefined
 1388 | #define PACKAGE_BUGREPORT "https://github.com/asterisk/asterisk/issues"
      | 
conftest.c:6: note: this is the location of the previous definition
    6 | #define PACKAGE_BUGREPORT "https://github.com/bg111/asterisk-chan-quectel/issues"
      | 
/usr/src/asterisk-18.23.1/include/asterisk/autoconfig.h:1391: warning: "PACKAGE_NAME" redefined
 1391 | #define PACKAGE_NAME "asterisk"
      | 
conftest.c:2: note: this is the location of the previous definition
    2 | #define PACKAGE_NAME "chan_quectel"
      | 
/usr/src/asterisk-18.23.1/include/asterisk/autoconfig.h:1394: warning: "PACKAGE_STRING" redefined
 1394 | #define PACKAGE_STRING "asterisk 18"
      | 
conftest.c:5: note: this is the location of the previous definition
    5 | #define PACKAGE_STRING "chan_quectel 1.1"
      | 
/usr/src/asterisk-18.23.1/include/asterisk/autoconfig.h:1397: warning: "PACKAGE_TARNAME" redefined
 1397 | #define PACKAGE_TARNAME "asterisk"
      | 
conftest.c:3: note: this is the location of the previous definition
    3 | #define PACKAGE_TARNAME "chan_quectel"
      | 
/usr/src/asterisk-18.23.1/include/asterisk/autoconfig.h:1400: warning: "PACKAGE_URL" redefined
 1400 | #define PACKAGE_URL ""
      | 
conftest.c:7: note: this is the location of the previous definition
    7 | #define PACKAGE_URL "https://github.com/bg111/asterisk-chan-quectel/"
      | 
/usr/src/asterisk-18.23.1/include/asterisk/autoconfig.h:1403: warning: "PACKAGE_VERSION" redefined
 1403 | #define PACKAGE_VERSION "18"
      | 
conftest.c:4: note: this is the location of the previous definition
    4 | #define PACKAGE_VERSION "1.1"
      | 
configure:5094: result: yes
configure:5107: checking for an ANSI C-conforming const
configure:5174: gcc -c -g -O2  -D_GNU_SOURCE -I/usr/src/asterisk-18.23.1/include -I/usr/include conftest.c >&5
configure:5174: $? = 0
configure:5182: result: yes
configure:5190: checking for inline
configure:5207: gcc -c -g -O2  -D_GNU_SOURCE -I/usr/src/asterisk-18.23.1/include -I/usr/include conftest.c >&5
configure:5207: $? = 0
configure:5216: result: inline
configure:5234: checking for size_t
configure:5234: gcc -c -g -O2  -D_GNU_SOURCE -I/usr/src/asterisk-18.23.1/include -I/usr/include conftest.c >&5
configure:5234: $? = 0
configure:5234: gcc -c -g -O2  -D_GNU_SOURCE -I/usr/src/asterisk-18.23.1/include -I/usr/include conftest.c >&5
conftest.c: In function 'main':
conftest.c:62:21: error: expected expression before ')' token
   62 | if (sizeof ((size_t)))
      |                     ^
configure:5234: $? = 1
configure: failed program was:
| /* confdefs.h */
| #define PACKAGE_NAME "chan_quectel"
| #define PACKAGE_TARNAME "chan_quectel"
| #define PACKAGE_VERSION "1.1"
| #define PACKAGE_STRING "chan_quectel 1.1"
| #define PACKAGE_BUGREPORT "https://github.com/bg111/asterisk-chan-quectel/issues"
| #define PACKAGE_URL "https://github.com/bg111/asterisk-chan-quectel/"
| #define PACKAGE "chan_quectel"
| #define VERSION "1.1"
| #define ASTERISK_VERSION_NUM 182301
| #define HAVE_LIBSQLITE3 1
| #define HAVE_STDIO_H 1
| #define HAVE_STDLIB_H 1
| #define HAVE_STRING_H 1
| #define HAVE_INTTYPES_H 1
| #define HAVE_STDINT_H 1
| #define HAVE_STRINGS_H 1
| #define HAVE_SYS_STAT_H 1
| #define HAVE_SYS_TYPES_H 1
| #define HAVE_UNISTD_H 1
| #define STDC_HEADERS 1
| #define HAVE_FCNTL_H 1
| #define HAVE_STDLIB_H 1
| #define HAVE_STRING_H 1
| #define HAVE_SYS_TIME_H 1
| #define HAVE_TERMIOS_H 1
| #define ICONV_CONST /**/
| #define ICONV_T iconv_t
| #define HAVE_AST_CONTROL_SRCCHANGE /**/
| /* end confdefs.h.  */
| #include <stddef.h>
| #ifdef HAVE_STDIO_H
| # include <stdio.h>
| #endif
| #ifdef HAVE_STDLIB_H
| # include <stdlib.h>
| #endif
| #ifdef HAVE_STRING_H
| # include <string.h>
| #endif
| #ifdef HAVE_INTTYPES_H
| # include <inttypes.h>
| #endif
| #ifdef HAVE_STDINT_H
| # include <stdint.h>
| #endif
| #ifdef HAVE_STRINGS_H
| # include <strings.h>
| #endif
| #ifdef HAVE_SYS_TYPES_H
| # include <sys/types.h>
| #endif
| #ifdef HAVE_SYS_STAT_H
| # include <sys/stat.h>
| #endif
| #ifdef HAVE_UNISTD_H
| # include <unistd.h>
| #endif
| int
| main (void)
| {
| if (sizeof ((size_t)))
| 	    return 0;
|   ;
|   return 0;
| }
configure:5234: result: yes
configure:5244: checking for ssize_t
configure:5244: gcc -c -g -O2  -D_GNU_SOURCE -I/usr/src/asterisk-18.23.1/include -I/usr/include conftest.c >&5
configure:5244: $? = 0
configure:5244: gcc -c -g -O2  -D_GNU_SOURCE -I/usr/src/asterisk-18.23.1/include -I/usr/include conftest.c >&5
conftest.c: In function 'main':
conftest.c:62:22: error: expected expression before ')' token
   62 | if (sizeof ((ssize_t)))
      |                      ^
configure:5244: $? = 1
configure: failed program was:
| /* confdefs.h */
| #define PACKAGE_NAME "chan_quectel"
| #define PACKAGE_TARNAME "chan_quectel"
| #define PACKAGE_VERSION "1.1"
| #define PACKAGE_STRING "chan_quectel 1.1"
| #define PACKAGE_BUGREPORT "https://github.com/bg111/asterisk-chan-quectel/issues"
| #define PACKAGE_URL "https://github.com/bg111/asterisk-chan-quectel/"
| #define PACKAGE "chan_quectel"
| #define VERSION "1.1"
| #define ASTERISK_VERSION_NUM 182301
| #define HAVE_LIBSQLITE3 1
| #define HAVE_STDIO_H 1
| #define HAVE_STDLIB_H 1
| #define HAVE_STRING_H 1
| #define HAVE_INTTYPES_H 1
| #define HAVE_STDINT_H 1
| #define HAVE_STRINGS_H 1
| #define HAVE_SYS_STAT_H 1
| #define HAVE_SYS_TYPES_H 1
| #define HAVE_UNISTD_H 1
| #define STDC_HEADERS 1
| #define HAVE_FCNTL_H 1
| #define HAVE_STDLIB_H 1
| #define HAVE_STRING_H 1
| #define HAVE_SYS_TIME_H 1
| #define HAVE_TERMIOS_H 1
| #define ICONV_CONST /**/
| #define ICONV_T iconv_t
| #define HAVE_AST_CONTROL_SRCCHANGE /**/
| /* end confdefs.h.  */
| #include <stddef.h>
| #ifdef HAVE_STDIO_H
| # include <stdio.h>
| #endif
| #ifdef HAVE_STDLIB_H
| # include <stdlib.h>
| #endif
| #ifdef HAVE_STRING_H
| # include <string.h>
| #endif
| #ifdef HAVE_INTTYPES_H
| # include <inttypes.h>
| #endif
| #ifdef HAVE_STDINT_H
| # include <stdint.h>
| #endif
| #ifdef HAVE_STRINGS_H
| # include <strings.h>
| #endif
| #ifdef HAVE_SYS_TYPES_H
| # include <sys/types.h>
| #endif
| #ifdef HAVE_SYS_STAT_H
| # include <sys/stat.h>
| #endif
| #ifdef HAVE_UNISTD_H
| # include <unistd.h>
| #endif
| int
| main (void)
| {
| if (sizeof ((ssize_t)))
| 	    return 0;
|   ;
|   return 0;
| }
configure:5244: result: yes
configure:5254: checking for uint64_t
configure:5254: gcc -c -g -O2  -D_GNU_SOURCE -I/usr/src/asterisk-18.23.1/include -I/usr/include conftest.c >&5
configure:5254: $? = 0
configure:5254: result: yes
configure:5273: checking whether CC supports -fvisibility=hidden
configure:5286: gcc -c -fvisibility=hidden  -D_GNU_SOURCE -I/usr/src/asterisk-18.23.1/include -I/usr/include conftest.c >&5
configure:5286: $? = 0
configure:5288: result: yes
configure:5305: checking whether CC supports -fPIC
configure:5318: gcc -c -fPIC  -D_GNU_SOURCE -I/usr/src/asterisk-18.23.1/include -I/usr/include conftest.c >&5
configure:5318: $? = 0
configure:5320: result: yes
configure:5334: checking whether CC supports -Wall
configure:5347: gcc -c -Wall  -D_GNU_SOURCE -I/usr/src/asterisk-18.23.1/include -I/usr/include conftest.c >&5
configure:5347: $? = 0
configure:5349: result: yes
configure:5363: checking whether CC supports -Wextra
configure:5376: gcc -c -Wextra  -D_GNU_SOURCE -I/usr/src/asterisk-18.23.1/include -I/usr/include conftest.c >&5
configure:5376: $? = 0
configure:5378: result: yes
configure:5392: checking whether CC supports -MD -MT conftest.o -MF /dev/null -MP
configure:5405: gcc -c -MD -MT conftest.o -MF /dev/null -MP  -D_GNU_SOURCE -I/usr/src/asterisk-18.23.1/include -I/usr/include conftest.c >&5
configure:5405: $? = 0
configure:5407: result: yes
configure:5427: checking whether DESTDIR is /usr/lib/asterisk/modules
configure:5430: result: yes
configure:5445: checking for working memcmp
configure:5490: gcc -o conftest -g -O2  -D_GNU_SOURCE -I/usr/src/asterisk-18.23.1/include -I/usr/include  conftest.c -lsqlite3  >&5
configure:5490: $? = 0
configure:5490: ./conftest
configure:5490: $? = 0
configure:5501: result: yes
configure:5510: checking for memchr
configure:5510: gcc -o conftest -g -O2  -D_GNU_SOURCE -I/usr/src/asterisk-18.23.1/include -I/usr/include  conftest.c -lsqlite3  >&5
conftest.c:47:6: warning: conflicting types for built-in function 'memchr'; expected 'void *(const void *, int,  long unsigned int)' [-Wbuiltin-declaration-mismatch]
   47 | char memchr ();
      |      ^~~~~~
conftest.c:39:1: note: 'memchr' is declared in header '<string.h>'
   38 | #include <limits.h>
   39 | #undef memchr
configure:5510: $? = 0
configure:5510: result: yes
configure:5516: checking for memmove
configure:5516: gcc -o conftest -g -O2  -D_GNU_SOURCE -I/usr/src/asterisk-18.23.1/include -I/usr/include  conftest.c -lsqlite3  >&5
conftest.c:48:6: warning: conflicting types for built-in function 'memmove'; expected 'void *(void *, const void *, long unsigned int)' [-Wbuiltin-declaration-mismatch]
   48 | char memmove ();
      |      ^~~~~~~
conftest.c:40:1: note: 'memmove' is declared in header '<string.h>'
   39 | #include <limits.h>
   40 | #undef memmove
configure:5516: $? = 0
configure:5516: result: yes
configure:5522: checking for memset
configure:5522: gcc -o conftest -g -O2  -D_GNU_SOURCE -I/usr/src/asterisk-18.23.1/include -I/usr/include  conftest.c -lsqlite3  >&5
conftest.c:49:6: warning: conflicting types for built-in function 'memset'; expected 'void *(void *, int,  long unsigned int)' [-Wbuiltin-declaration-mismatch]
   49 | char memset ();
      |      ^~~~~~
conftest.c:41:1: note: 'memset' is declared in header '<string.h>'
   40 | #include <limits.h>
   41 | #undef memset
configure:5522: $? = 0
configure:5522: result: yes
configure:5528: checking for memmem
configure:5528: gcc -o conftest -g -O2  -D_GNU_SOURCE -I/usr/src/asterisk-18.23.1/include -I/usr/include  conftest.c -lsqlite3  >&5
configure:5528: $? = 0
configure:5528: result: yes
configure:5534: checking for strcasecmp
configure:5534: gcc -o conftest -g -O2  -D_GNU_SOURCE -I/usr/src/asterisk-18.23.1/include -I/usr/include  conftest.c -lsqlite3  >&5
conftest.c:51:6: warning: conflicting types for built-in function 'strcasecmp'; expected 'int(const char *, const char *)' [-Wbuiltin-declaration-mismatch]
   51 | char strcasecmp ();
      |      ^~~~~~~~~~
configure:5534: $? = 0
configure:5534: result: yes
configure:5540: checking for strchr
configure:5540: gcc -o conftest -g -O2  -D_GNU_SOURCE -I/usr/src/asterisk-18.23.1/include -I/usr/include  conftest.c -lsqlite3  >&5
conftest.c:52:6: warning: conflicting types for built-in function 'strchr'; expected 'char *(const char *, int)' [-Wbuiltin-declaration-mismatch]
   52 | char strchr ();
      |      ^~~~~~
conftest.c:44:1: note: 'strchr' is declared in header '<string.h>'
   43 | #include <limits.h>
   44 | #undef strchr
configure:5540: $? = 0
configure:5540: result: yes
configure:5546: checking for strncasecmp
configure:5546: gcc -o conftest -g -O2  -D_GNU_SOURCE -I/usr/src/asterisk-18.23.1/include -I/usr/include  conftest.c -lsqlite3  >&5
conftest.c:53:6: warning: conflicting types for built-in function 'strncasecmp'; expected 'int(const char *, const char *, long unsigned int)' [-Wbuiltin-declaration-mismatch]
   53 | char strncasecmp ();
      |      ^~~~~~~~~~~
configure:5546: $? = 0
configure:5546: result: yes
configure:5552: checking for strtol
configure:5552: gcc -o conftest -g -O2  -D_GNU_SOURCE -I/usr/src/asterisk-18.23.1/include -I/usr/include  conftest.c -lsqlite3  >&5
configure:5552: $? = 0
configure:5552: result: yes
configure:5558: checking for realpath
configure:5558: gcc -o conftest -g -O2  -D_GNU_SOURCE -I/usr/src/asterisk-18.23.1/include -I/usr/include  conftest.c -lsqlite3  >&5
configure:5558: $? = 0
configure:5558: result: yes
configure:5737: checking that generated files are newer than configure
configure:5743: result: done
configure:5766: creating ./config.status

## ---------------- ##
## Cache variables. ##
## ---------------- ##

ac_cv_build=aarch64-unknown-linux-gnu
ac_cv_c_compiler_gnu=yes
ac_cv_c_const=yes
ac_cv_c_inline=inline
ac_cv_c_uint64_t=yes
ac_cv_env_CC_set=
ac_cv_env_CC_value=
ac_cv_env_CFLAGS_set=
ac_cv_env_CFLAGS_value=
ac_cv_env_CPPFLAGS_set=
ac_cv_env_CPPFLAGS_value=
ac_cv_env_CPP_set=
ac_cv_env_CPP_value=
ac_cv_env_LDFLAGS_set=
ac_cv_env_LDFLAGS_value=
ac_cv_env_LIBS_set=
ac_cv_env_LIBS_value=
ac_cv_env_build_alias_set=
ac_cv_env_build_alias_value=
ac_cv_env_host_alias_set=
ac_cv_env_host_alias_value=
ac_cv_env_target_alias_set=
ac_cv_env_target_alias_value=
ac_cv_func_memchr=yes
ac_cv_func_memcmp_working=yes
ac_cv_func_memmem=yes
ac_cv_func_memmove=yes
ac_cv_func_memset=yes
ac_cv_func_realpath=yes
ac_cv_func_strcasecmp=yes
ac_cv_func_strchr=yes
ac_cv_func_strncasecmp=yes
ac_cv_func_strtol=yes
ac_cv_header_asterisk_h=no
ac_cv_header_fcntl_h=yes
ac_cv_header_iconv_h=yes
ac_cv_header_inttypes_h=yes
ac_cv_header_sqlite3_h=yes
ac_cv_header_stdint_h=yes
ac_cv_header_stdio_h=yes
ac_cv_header_stdlib_h=yes
ac_cv_header_string_h=yes
ac_cv_header_strings_h=yes
ac_cv_header_sys_stat_h=yes
ac_cv_header_sys_time_h=yes
ac_cv_header_sys_types_h=yes
ac_cv_header_termios_h=yes
ac_cv_header_unistd_h=yes
ac_cv_host=aarch64-unknown-linux-gnu
ac_cv_lib_sqlite3_sqlite3_open=yes
ac_cv_objext=o
ac_cv_path_EGREP='/usr/bin/grep -E'
ac_cv_path_GREP=/usr/bin/grep
ac_cv_path_install='/usr/bin/install -c'
ac_cv_path_mkdir=/usr/bin/mkdir
ac_cv_prog_AWK=gawk
ac_cv_prog_CPP='gcc -E'
ac_cv_prog_RM=rm
ac_cv_prog_STRIP=strip
ac_cv_prog_ac_ct_CC=gcc
ac_cv_prog_cc_c11=
ac_cv_prog_cc_g=yes
ac_cv_prog_cc_stdc=
ac_cv_prog_make_make_set=yes
ac_cv_search_iconv='none required'
ac_cv_target=aarch64-unknown-linux-gnu
ac_cv_type_size_t=yes
ac_cv_type_ssize_t=yes
am_cv_CC_dependencies_compiler_type=none
am_cv_make_support_nested_variables=yes
am_cv_prog_cc_c_o=yes

## ----------------- ##
## Output variables. ##
## ----------------- ##

ACLOCAL='${SHELL} '\''/usr/src/asterisk-chan-quectel-simcom/missing'\'' aclocal-1.16'
AC_CFLAGS=' -fvisibility=hidden -fPIC -Wall -Wextra -MD -MT $@ -MF .$(subst /,_,$@).d -MP'
AMDEPBACKSLASH='\'
AMDEP_FALSE='#'
AMDEP_TRUE=''
AMTAR='$${TAR-tar}'
AM_BACKSLASH='\'
AM_DEFAULT_V='$(AM_DEFAULT_VERBOSITY)'
AM_DEFAULT_VERBOSITY='1'
AM_V='$(V)'
AUTOCONF='${SHELL} '\''/usr/src/asterisk-chan-quectel-simcom/missing'\'' autoconf'
AUTOHEADER='${SHELL} '\''/usr/src/asterisk-chan-quectel-simcom/missing'\'' autoheader'
AUTOMAKE='${SHELL} '\''/usr/src/asterisk-chan-quectel-simcom/missing'\'' automake-1.16'
AWK='gawk'
CC='gcc'
CCDEPMODE='depmode=none'
CFLAGS='-g -O2 -O6 -Wno-old-style-declaration'
CPP='gcc -E'
CPPFLAGS=' -D_GNU_SOURCE -I/usr/src/asterisk-18.23.1/include -I/usr/include'
CSCOPE='cscope'
CTAGS='ctags'
CYGPATH_W='echo'
DEFS='-DHAVE_CONFIG_H'
DEPDIR='.deps'
DESTDIR='/usr/lib/asterisk/modules'
ECHO_C=''
ECHO_N='-n'
ECHO_T=''
EGREP='/usr/bin/grep -E'
ETAGS='etags'
EXEEXT=''
GREP='/usr/bin/grep'
INSTALL_DATA='${INSTALL} -m 644'
INSTALL_PROGRAM='${INSTALL}'
INSTALL_SCRIPT='${INSTALL}'
INSTALL_STRIP_PROGRAM='$(install_sh) -c -s'
LDFLAGS=' '
LIBOBJS=''
LIBS='-lsqlite3 '
LTLIBOBJS=''
MAKEINFO='${SHELL} '\''/usr/src/asterisk-chan-quectel-simcom/missing'\'' makeinfo'
MKDIR_P='/usr/bin/mkdir -p'
OBJEXT='o'
PACKAGE='chan_quectel'
PACKAGE_BUGREPORT='https://github.com/bg111/asterisk-chan-quectel/issues'
PACKAGE_NAME='chan_quectel'
PACKAGE_REVISION='43gh=47cg'
PACKAGE_STRING='chan_quectel 1.1'
PACKAGE_TARNAME='chan_quectel'
PACKAGE_URL='https://github.com/bg111/asterisk-chan-quectel/'
PACKAGE_VERSION='1.1'
PATH_SEPARATOR=':'
RM='rm'
SET_MAKE=''
SHELL='/bin/bash'
SOLINK='-shared -Xlinker -x'
STRIP='strip'
TARGET='chan_quectel.so'
VERSION='1.1'
ac_ct_CC='gcc'
am__EXEEXT_FALSE=''
am__EXEEXT_TRUE='#'
am__fastdepCC_FALSE=''
am__fastdepCC_TRUE='#'
am__include='include'
am__isrc=''
am__leading_dot='.'
am__nodep='_no'
am__quote=''
am__tar='$${TAR-tar} chof - "$$tardir"'
am__untar='$${TAR-tar} xf -'
bindir='${exec_prefix}/bin'
build='aarch64-unknown-linux-gnu'
build_alias=''
build_cpu='aarch64'
build_os='linux-gnu'
build_vendor='unknown'
datadir='${datarootdir}'
datarootdir='${prefix}/share'
docdir='${datarootdir}/doc/${PACKAGE_TARNAME}'
dvidir='${docdir}'
exec_prefix='${prefix}'
host='aarch64-unknown-linux-gnu'
host_alias=''
host_cpu='aarch64'
host_os='linux-gnu'
host_vendor='unknown'
htmldir='${docdir}'
includedir='${prefix}/include'
infodir='${datarootdir}/info'
install_sh='${SHELL} /usr/src/asterisk-chan-quectel-simcom/install-sh'
libdir='${exec_prefix}/lib'
libexecdir='${exec_prefix}/libexec'
localedir='${datarootdir}/locale'
localstatedir='${prefix}/var'
mandir='${datarootdir}/man'
mkdir_p='$(MKDIR_P)'
oldincludedir='/usr/include'
pdfdir='${docdir}'
prefix='/usr/local'
program_transform_name='s,x,x,'
psdir='${docdir}'
runstatedir='${localstatedir}/run'
sbindir='${exec_prefix}/sbin'
sharedstatedir='${prefix}/com'
sysconfdir='${prefix}/etc'
target='aarch64-unknown-linux-gnu'
target_alias=''
target_cpu='aarch64'
target_os='linux-gnu'
target_vendor='unknown'

## ----------- ##
## confdefs.h. ##
## ----------- ##

/* confdefs.h */
#define PACKAGE_NAME "chan_quectel"
#define PACKAGE_TARNAME "chan_quectel"
#define PACKAGE_VERSION "1.1"
#define PACKAGE_STRING "chan_quectel 1.1"
#define PACKAGE_BUGREPORT "https://github.com/bg111/asterisk-chan-quectel/issues"
#define PACKAGE_URL "https://github.com/bg111/asterisk-chan-quectel/"
#define PACKAGE "chan_quectel"
#define VERSION "1.1"
#define ASTERISK_VERSION_NUM 182301
#define HAVE_LIBSQLITE3 1
#define HAVE_STDIO_H 1
#define HAVE_STDLIB_H 1
#define HAVE_STRING_H 1
#define HAVE_INTTYPES_H 1
#define HAVE_STDINT_H 1
#define HAVE_STRINGS_H 1
#define HAVE_SYS_STAT_H 1
#define HAVE_SYS_TYPES_H 1
#define HAVE_UNISTD_H 1
#define STDC_HEADERS 1
#define HAVE_FCNTL_H 1
#define HAVE_STDLIB_H 1
#define HAVE_STRING_H 1
#define HAVE_SYS_TIME_H 1
#define HAVE_TERMIOS_H 1
#define ICONV_CONST /**/
#define ICONV_T iconv_t
#define HAVE_AST_CONTROL_SRCCHANGE /**/
#define HAVE_MEMCHR 1
#define HAVE_MEMMOVE 1
#define HAVE_MEMSET 1
#define HAVE_MEMMEM 1
#define HAVE_STRCASECMP 1
#define HAVE_STRCHR 1
#define HAVE_STRNCASECMP 1
#define HAVE_STRTOL 1
#define HAVE_REALPATH 1
#define BUILD_MANAGER 1
#define BUILD_APPLICATIONS 1
#define MODULE_BUGREPORT "https://github.com/bg111/asterisk-chan-quectel/issues"
#define MODULE_URL "https://github.com/bg111/asterisk-chan-quectel/"
#define MODULE_VERSION "1.1"
#define AST_MODULE "chan_quectel"
#define PACKAGE_REVISION "43gh=47cg"

configure: exit 0

## ---------------------- ##
## Running config.status. ##
## ---------------------- ##

This file was extended by chan_quectel config.status 1.1, which was
generated by GNU Autoconf 2.71.  Invocation command line was

  CONFIG_FILES    = 
  CONFIG_HEADERS  = 
  CONFIG_LINKS    = 
  CONFIG_COMMANDS = 
  $ ./config.status 

on FreePBX

config.status:895: creating stamp-h
config.status:895: creating Makefile
config.status:895: creating config.h
config.status:1076: config.h is unchanged
config.status:1124: executing depfiles commands
